<?xml version="1.0" encoding="UTF-8"?>
<testng-results ignored="2" total="5" passed="3" failed="0" skipped="0">
  <reporter-output>
  </reporter-output>
  <suite started-at="2022-10-22T11:16:04Z" name="Default suite" finished-at="2022-10-22T11:16:06Z" duration-ms="2364">
    <groups>
    </groups>
    <test started-at="2022-10-22T11:16:04Z" name="Default test" finished-at="2022-10-22T11:16:06Z" duration-ms="2364">
      <class name="testCases.CreateEventTest">
        <test-method signature="createEventTest(java.util.Hashtable)[pri:2, instance:testCases.CreateEventTest@121c54fa]" started-at="2022-10-22T11:16:05Z" name="createEventTest" data-provider="dp" finished-at="2022-10-22T11:16:06Z" duration-ms="966" status="PASS">
          <params>
            <param index="0">
              <value>
                <![CDATA[{description=This is description, targetAudience=This is Audience, title=This is title}]]>
              </value>
            </param>
          </params>
          <reporter-output>
          </reporter-output>
        </test-method> <!-- createEventTest -->
        <test-method is-config="true" signature="tearDown()[pri:0, instance:testCases.CreateEventTest@121c54fa]" started-at="2022-10-22T11:16:06Z" name="tearDown" finished-at="2022-10-22T11:16:06Z" duration-ms="0" status="SKIP">
          <reporter-output>
          </reporter-output>
        </test-method> <!-- tearDown -->
      </class> <!-- testCases.CreateEventTest -->
      <class name="testCases.LoginTest">
        <test-method signature="loginTest(java.util.Hashtable)[pri:0, instance:testCases.LoginTest@4390f46e]" started-at="2022-10-22T11:16:04Z" name="loginTest" data-provider="dp" finished-at="2022-10-22T11:16:05Z" duration-ms="1345" status="PASS">
          <params>
            <param index="0">
              <value>
                <![CDATA[{password=password, email=wowsnickerswow@gmail.com, =}]]>
              </value>
            </param>
          </params>
          <reporter-output>
          </reporter-output>
        </test-method> <!-- loginTest -->
      </class> <!-- testCases.LoginTest -->
      <class name="utilities.TestExtentReports">
        <test-method signature="doLogin()[pri:0, instance:utilities.TestExtentReports@7c6442c2]" started-at="2022-10-22T11:16:05Z" name="doLogin" finished-at="2022-10-22T11:16:05Z" duration-ms="2" status="PASS">
          <reporter-output>
          </reporter-output>
        </test-method> <!-- doLogin -->
        <test-method is-config="true" signature="endReport()[pri:0, instance:utilities.TestExtentReports@7c6442c2]" started-at="2022-10-22T11:16:06Z" name="endReport" finished-at="2022-10-22T11:16:06Z" duration-ms="7" status="FAIL">
          <exception class="java.lang.NullPointerException">
            <full-stacktrace>
              <![CDATA[java.lang.NullPointerException
at utilities.TestExtentReports.endReport(TestExtentReports.java:44)
at java.base/jdk.internal.reflect.NativeMethodAccessorImpl.invoke0(Native Method)
at java.base/jdk.internal.reflect.NativeMethodAccessorImpl.invoke(NativeMethodAccessorImpl.java:62)
at java.base/jdk.internal.reflect.DelegatingMethodAccessorImpl.invoke(DelegatingMethodAccessorImpl.java:43)
at java.base/java.lang.reflect.Method.invoke(Method.java:566)
at org.testng.internal.MethodInvocationHelper.invokeMethod(MethodInvocationHelper.java:124)
at org.testng.internal.MethodInvocationHelper.invokeMethodConsideringTimeout(MethodInvocationHelper.java:59)
at org.testng.internal.Invoker.invokeConfigurationMethod(Invoker.java:458)
at org.testng.internal.Invoker.invokeConfigurations(Invoker.java:222)
at org.testng.internal.Invoker.invokeConfigurations(Invoker.java:142)
at org.testng.TestRunner.afterRun(TestRunner.java:725)
at org.testng.TestRunner.run(TestRunner.java:509)
at org.testng.SuiteRunner.runTest(SuiteRunner.java:455)
at org.testng.SuiteRunner.runSequentially(SuiteRunner.java:450)
at org.testng.SuiteRunner.privateRun(SuiteRunner.java:415)
at org.testng.SuiteRunner.run(SuiteRunner.java:364)
at org.testng.SuiteRunnerWorker.runSuite(SuiteRunnerWorker.java:52)
at org.testng.SuiteRunnerWorker.run(SuiteRunnerWorker.java:84)
at org.testng.TestNG.runSuitesSequentially(TestNG.java:1208)
at org.testng.TestNG.runSuitesLocally(TestNG.java:1137)
at org.testng.TestNG.runSuites(TestNG.java:1049)
at org.testng.TestNG.run(TestNG.java:1017)
at org.testng.remote.AbstractRemoteTestNG.run(AbstractRemoteTestNG.java:115)
at org.testng.remote.RemoteTestNG.initAndRun(RemoteTestNG.java:251)
at org.testng.remote.RemoteTestNG.main(RemoteTestNG.java:77)
]]>
            </full-stacktrace>
          </exception> <!-- java.lang.NullPointerException -->
          <reporter-output>
          </reporter-output>
        </test-method> <!-- endReport -->
      </class> <!-- utilities.TestExtentReports -->
    </test> <!-- Default test -->
  </suite> <!-- Default suite -->
</testng-results>
